2025-05-01 00:41:39.632: [INFO] VisibilityChanged: 0
2025-05-01 00:41:39.696: [INFO] RecordSyncInitDuration has_sync_been_enabled: 0 state: 0
2025-05-01 00:41:39.697: [INFO] RecordSyncInitDuration has_sync_been_enabled: 0 state: 0
2025-05-01 00:41:39.698: [INFO] RecordSyncInitDuration has_sync_been_enabled: 0 state: 0
2025-05-01 00:41:39.698: [INFO] RecordSyncInitDuration has_sync_been_enabled: 0 state: 0
2025-05-01 00:41:39.699: [INFO] RecordSyncInitDuration has_sync_been_enabled: 0 state: 0
2025-05-01 00:41:39.699: [INFO] RecordSyncInitDuration has_sync_been_enabled: 0 state: 0
2025-05-01 00:41:39.699: [INFO] RecordSyncInitDuration has_sync_been_enabled: 0 state: 0
2025-05-01 00:41:39.700: [INFO] RecordSyncInitDuration has_sync_been_enabled: 0 state: 0
2025-05-01 00:41:39.701: [INFO] RecordSyncInitDuration has_sync_been_enabled: 0 state: 0
2025-05-01 00:41:39.701: [INFO] RecordSyncInitDuration has_sync_been_enabled: 0 state: 0
2025-05-01 00:41:39.702: [INFO] RecordSyncInitDuration has_sync_been_enabled: 0 state: 0
2025-05-01 00:41:39.713: [INFO] BookmarkNodeAdded, ABU: 0
2025-05-01 00:41:39.713: [INFO] BookmarkNodeAdded, ABU: 0
2025-05-01 00:41:39.713: [INFO] BookmarkNodeAdded, ABU: 0
2025-05-01 00:41:39.713: [INFO] BookmarkModelLoaded, ids_reassigned: 0
2025-05-01 00:41:39.713: [INFO] OnDoneLoading sync enabled: 0
2025-05-01 00:41:39.773: [INFO] RecordSyncInitDuration has_sync_been_enabled: 0 state: 0
2025-05-01 00:41:42.954: [INFO] RecordSyncInitDuration has_sync_been_enabled: 0 state: 0
2025-05-01 00:41:42.957: [INFO] Primary account changed.
2025-05-01 00:41:42.957: [INFO] OnPrimaryAccountChanged PrimaryAccountChangeEvent::Type::kSet
2025-05-01 00:41:42.958: [INFO] RecordSyncInitDuration has_sync_been_enabled: 0 state: 0
2025-05-01 00:41:42.959: [INFO] RecordSyncInitDuration has_sync_been_enabled: 0 state: 0
2025-05-01 17:25:06.315: [INFO] VisibilityChanged: 0
2025-05-01 17:25:06.373: [INFO] BookmarkNodeAdded, ABU: 0
2025-05-01 17:25:06.373: [INFO] BookmarkNodeAdded, ABU: 0
2025-05-01 17:25:06.374: [INFO] BookmarkNodeAdded, ABU: 0
2025-05-01 17:25:06.374: [INFO] BookmarkModelLoaded, ids_reassigned: 0
2025-05-01 17:25:06.374: [INFO] OnDoneLoading sync enabled: 0
2025-05-01 18:56:58.291: [INFO] VisibilityChanged: 0
2025-05-01 18:56:58.421: [INFO] BookmarkModelLoaded, ids_reassigned: 0
2025-05-01 18:56:58.421: [INFO] OnDoneLoading sync enabled: 0
2025-05-01 18:56:58.424: [INFO] RecordSyncInitDuration has_sync_been_enabled: 0 state: 0
